0 info it worked if it ends with ok
1 verbose cli [ '/usr/bin/nodejs',
1 verbose cli   '/usr/local/bin/npm',
1 verbose cli   'run',
1 verbose cli   'publishPackage' ]
2 info using npm@4.1.2
3 info using node@v8.4.0
4 verbose run-script [ 'prepublishPackage', 'publishPackage', 'postpublishPackage' ]
5 info lifecycle myNpm@0.0.1~prepublishPackage: myNpm@0.0.1
6 silly lifecycle myNpm@0.0.1~prepublishPackage: no script for prepublishPackage, continuing
7 info lifecycle myNpm@0.0.1~publishPackage: myNpm@0.0.1
8 verbose lifecycle myNpm@0.0.1~publishPackage: unsafe-perm in lifecycle true
9 verbose lifecycle myNpm@0.0.1~publishPackage: PATH: /usr/local/lib/node_modules/npm/bin/node-gyp-bin:/home/ttpl49/Documents/htdoc/myNpmRepo/myNpm/node_modules/.bin:/usr/local/sbin:/usr/local/bin:/usr/sbin:/usr/bin:/sbin:/bin:/usr/games:/usr/local/games:/snap/bin:/home/ttpl49/.composer/vendor/bin:/home/ttpl49/android-sdk-linux/tools:/home/ttpl49/android-sdk-linux/platform-tools
10 verbose lifecycle myNpm@0.0.1~publishPackage: CWD: /home/ttpl49/Documents/htdoc/myNpmRepo/myNpm
11 silly lifecycle myNpm@0.0.1~publishPackage: Args: [ '-c', 'npm run build && npm publish' ]
12 silly lifecycle myNpm@0.0.1~publishPackage: Returned: code: 1  signal: null
13 info lifecycle myNpm@0.0.1~publishPackage: Failed to exec publishPackage script
14 verbose stack Error: myNpm@0.0.1 publishPackage: `npm run build && npm publish`
14 verbose stack Exit status 1
14 verbose stack     at EventEmitter.<anonymous> (/usr/local/lib/node_modules/npm/lib/utils/lifecycle.js:279:16)
14 verbose stack     at emitTwo (events.js:125:13)
14 verbose stack     at EventEmitter.emit (events.js:213:7)
14 verbose stack     at ChildProcess.<anonymous> (/usr/local/lib/node_modules/npm/lib/utils/spawn.js:40:14)
14 verbose stack     at emitTwo (events.js:125:13)
14 verbose stack     at ChildProcess.emit (events.js:213:7)
14 verbose stack     at maybeClose (internal/child_process.js:927:16)
14 verbose stack     at Process.ChildProcess._handle.onexit (internal/child_process.js:211:5)
15 verbose pkgid myNpm@0.0.1
16 verbose cwd /home/ttpl49/Documents/htdoc/myNpmRepo/myNpm
17 error Linux 4.4.0-128-generic
18 error argv "/usr/bin/nodejs" "/usr/local/bin/npm" "run" "publishPackage"
19 error node v8.4.0
20 error npm  v4.1.2
21 error code ELIFECYCLE
22 error myNpm@0.0.1 publishPackage: `npm run build && npm publish`
22 error Exit status 1
23 error Failed at the myNpm@0.0.1 publishPackage script 'npm run build && npm publish'.
23 error Make sure you have the latest version of node.js and npm installed.
23 error If you do, this is most likely a problem with the myNpm package,
23 error not with npm itself.
23 error Tell the author that this fails on your system:
23 error     npm run build && npm publish
23 error You can get information on how to open an issue for this project with:
23 error     npm bugs myNpm
23 error Or if that isn't available, you can get their info via:
23 error     npm owner ls myNpm
23 error There is likely additional logging output above.
24 verbose exit [ 1, true ]
